<?xml version="1.0" encoding="UTF-8"?>
<!-- Generated by org.testng.reporters.JUnitXMLReporter -->
<testsuite hostname="LAPTOP-0EG0DAL0" ignored="0" name="Default test" tests="9" failures="0" timestamp="2023-12-02T21:05:53 IST" time="10.9" errors="0">
  <testcase name="titleTest" time="0.022" classname="com.qa.opencart.tests.AccountsPageTest"/>
  <testcase name="urlTest" time="0.017" classname="com.qa.opencart.tests.AccountsPageTest"/>
  <testcase name="logoutLinkPresentTest" time="0.143" classname="com.qa.opencart.tests.AccountsPageTest"/>
  <testcase name="searchBoxPresentTest" time="0.027" classname="com.qa.opencart.tests.AccountsPageTest"/>
  <testcase name="searchButtonPresentTest" time="0.025" classname="com.qa.opencart.tests.AccountsPageTest"/>
  <testcase name="accSecHeadersPresentTest" time="0.108" classname="com.qa.opencart.tests.AccountsPageTest"/>
  <testcase name="searchProductTest" time="0.661" classname="com.qa.opencart.tests.AccountsPageTest"/>
  <testcase name="searchProductTest" time="0.613" classname="com.qa.opencart.tests.AccountsPageTest"/>
  <testcase name="searchProductTest" time="0.679" classname="com.qa.opencart.tests.AccountsPageTest"/>
</testsuite> <!-- Default test -->
