<?xml version="1.0" encoding="UTF-8"?>
<testng-results skipped="0" failed="0" ignored="0" total="7" passed="7">
  <reporter-output>
  </reporter-output>
  <suite name="Default suite" duration-ms="58078" started-at="2023-12-07T00:34:08 IST" finished-at="2023-12-07T00:35:06 IST">
    <groups>
    </groups>
    <test name="Default test" duration-ms="58078" started-at="2023-12-07T00:34:08 IST" finished-at="2023-12-07T00:35:06 IST">
      <class name="com.qa.opencart.tests.ProductPageInfoTest">
        <test-method status="PASS" signature="setup()[pri:0, instance:com.qa.opencart.tests.ProductPageInfoTest@5891e32e]" name="setup" is-config="true" duration-ms="7774" started-at="2023-12-07T00:34:08 IST" finished-at="2023-12-07T00:34:16 IST">
          <reporter-output>
          </reporter-output>
        </test-method> <!-- setup -->
        <test-method status="PASS" signature="productPageSetup()[pri:0, instance:com.qa.opencart.tests.ProductPageInfoTest@5891e32e]" name="productPageSetup" is-config="true" duration-ms="3354" started-at="2023-12-07T00:34:16 IST" finished-at="2023-12-07T00:34:19 IST">
          <reporter-output>
          </reporter-output>
        </test-method> <!-- productPageSetup -->
        <test-method status="PASS" signature="headerTest(java.lang.String,java.lang.String)[pri:0, instance:com.qa.opencart.tests.ProductPageInfoTest@5891e32e]" name="headerTest" duration-ms="7244" started-at="2023-12-07T00:34:19 IST" data-provider="productTestData" finished-at="2023-12-07T00:34:26 IST">
          <params>
            <param index="0">
              <value>
                <![CDATA[MacBook]]>
              </value>
            </param>
            <param index="1">
              <value>
                <![CDATA[MacBook Pro]]>
              </value>
            </param>
          </params>
          <reporter-output>
          </reporter-output>
        </test-method> <!-- headerTest -->
        <test-method status="PASS" signature="headerTest(java.lang.String,java.lang.String)[pri:0, instance:com.qa.opencart.tests.ProductPageInfoTest@5891e32e]" name="headerTest" duration-ms="6268" started-at="2023-12-07T00:34:26 IST" data-provider="productTestData" finished-at="2023-12-07T00:34:33 IST">
          <params>
            <param index="0">
              <value>
                <![CDATA[MacBook]]>
              </value>
            </param>
            <param index="1">
              <value>
                <![CDATA[MacBook Air]]>
              </value>
            </param>
          </params>
          <reporter-output>
          </reporter-output>
        </test-method> <!-- headerTest -->
        <test-method status="PASS" signature="headerTest(java.lang.String,java.lang.String)[pri:0, instance:com.qa.opencart.tests.ProductPageInfoTest@5891e32e]" name="headerTest" duration-ms="5813" started-at="2023-12-07T00:34:33 IST" data-provider="productTestData" finished-at="2023-12-07T00:34:38 IST">
          <params>
            <param index="0">
              <value>
                <![CDATA[iPhone]]>
              </value>
            </param>
            <param index="1">
              <value>
                <![CDATA[iPhone]]>
              </value>
            </param>
          </params>
          <reporter-output>
          </reporter-output>
        </test-method> <!-- headerTest -->
        <test-method status="PASS" signature="imageCountTest(java.lang.String,java.lang.String,int)[pri:0, instance:com.qa.opencart.tests.ProductPageInfoTest@5891e32e]" name="imageCountTest" duration-ms="5733" started-at="2023-12-07T00:34:38 IST" data-provider="productImageData" finished-at="2023-12-07T00:34:44 IST">
          <params>
            <param index="0">
              <value>
                <![CDATA[MacBook]]>
              </value>
            </param>
            <param index="1">
              <value>
                <![CDATA[MacBook Pro]]>
              </value>
            </param>
            <param index="2">
              <value>
                <![CDATA[4]]>
              </value>
            </param>
          </params>
          <reporter-output>
          </reporter-output>
        </test-method> <!-- imageCountTest -->
        <test-method status="PASS" signature="imageCountTest(java.lang.String,java.lang.String,int)[pri:0, instance:com.qa.opencart.tests.ProductPageInfoTest@5891e32e]" name="imageCountTest" duration-ms="6934" started-at="2023-12-07T00:34:44 IST" data-provider="productImageData" finished-at="2023-12-07T00:34:51 IST">
          <params>
            <param index="0">
              <value>
                <![CDATA[Samsung]]>
              </value>
            </param>
            <param index="1">
              <value>
                <![CDATA[Samsung Galaxy Tab 10.1]]>
              </value>
            </param>
            <param index="2">
              <value>
                <![CDATA[7]]>
              </value>
            </param>
          </params>
          <reporter-output>
          </reporter-output>
        </test-method> <!-- imageCountTest -->
        <test-method status="PASS" signature="imageCountTest(java.lang.String,java.lang.String,int)[pri:0, instance:com.qa.opencart.tests.ProductPageInfoTest@5891e32e]" name="imageCountTest" duration-ms="7037" started-at="2023-12-07T00:34:51 IST" data-provider="productImageData" finished-at="2023-12-07T00:34:58 IST">
          <params>
            <param index="0">
              <value>
                <![CDATA[HP]]>
              </value>
            </param>
            <param index="1">
              <value>
                <![CDATA[HP LP3065]]>
              </value>
            </param>
            <param index="2">
              <value>
                <![CDATA[3]]>
              </value>
            </param>
          </params>
          <reporter-output>
          </reporter-output>
        </test-method> <!-- imageCountTest -->
        <test-method status="PASS" signature="productMetaDataTest()[pri:0, instance:com.qa.opencart.tests.ProductPageInfoTest@5891e32e]" name="productMetaDataTest" duration-ms="6857" started-at="2023-12-07T00:34:58 IST" finished-at="2023-12-07T00:35:05 IST">
          <reporter-output>
          </reporter-output>
        </test-method> <!-- productMetaDataTest -->
        <test-method status="PASS" signature="tearDown()[pri:0, instance:com.qa.opencart.tests.ProductPageInfoTest@5891e32e]" name="tearDown" is-config="true" duration-ms="940" started-at="2023-12-07T00:35:05 IST" finished-at="2023-12-07T00:35:06 IST">
          <reporter-output>
          </reporter-output>
        </test-method> <!-- tearDown -->
      </class> <!-- com.qa.opencart.tests.ProductPageInfoTest -->
    </test> <!-- Default test -->
  </suite> <!-- Default suite -->
</testng-results>
